This file contains any messages produced by compilers while
running configure, to aid debugging if configure makes a mistake.

It was created by MINI_COMMANDER configure 1.0.0.Fork.0.3, which was
generated by GNU Autoconf 2.61.  Invocation command line was

  $ ./configure --enable-maintainer-mode

## --------- ##
## Platform. ##
## --------- ##

hostname = fornax
uname -m = x86_64
uname -r = 2.6.24-16-generic
uname -s = Linux
uname -v = #1 SMP Thu Apr 10 12:47:45 UTC 2008

/usr/bin/uname -p = unknown
/bin/uname -X     = unknown

/bin/arch              = unknown
/usr/bin/arch -k       = unknown
/usr/convex/getsysinfo = unknown
/usr/bin/hostinfo      = unknown
/bin/machine           = unknown
/usr/bin/oslevel       = unknown
/bin/universe          = unknown

PATH: /usr/local/sbin
PATH: /usr/local/bin
PATH: /usr/sbin
PATH: /usr/bin
PATH: /sbin
PATH: /bin
PATH: /usr/games


## ----------- ##
## Core tests. ##
## ----------- ##

configure:1822: result: Using config source xml:merged:/etc/gconf/gconf.xml.defaults for schema installation
configure:1837: result: Using $(sysconfdir)/gconf/schemas as install directory for schema files
configure:1990: checking for a BSD-compatible install
configure:2046: result: /usr/bin/install -c
configure:2057: checking whether build environment is sane
configure:2100: result: yes
configure:2165: checking for gawk
configure:2181: found /usr/bin/gawk
configure:2192: result: gawk
configure:2203: checking whether make sets $(MAKE)
configure:2224: result: yes
configure:2421: checking for style of include used by make
configure:2449: result: GNU
configure:2522: checking for gcc
configure:2538: found /usr/bin/gcc
configure:2549: result: gcc
configure:2787: checking for C compiler version
configure:2794: gcc --version >&5
gcc (GCC) 4.2.3 (Ubuntu 4.2.3-2ubuntu7)
Copyright (C) 2007 Free Software Foundation, Inc.
This is free software; see the source for copying conditions.  There is NO
warranty; not even for MERCHANTABILITY or FITNESS FOR A PARTICULAR PURPOSE.

configure:2797: $? = 0
configure:2804: gcc -v >&5
Using built-in specs.
Target: x86_64-linux-gnu
Configured with: ../src/configure -v --enable-languages=c,c++,fortran,objc,obj-c++,treelang --prefix=/usr --enable-shared --with-system-zlib --libexecdir=/usr/lib --without-included-gettext --enable-threads=posix --enable-nls --with-gxx-include-dir=/usr/include/c++/4.2 --program-suffix=-4.2 --enable-clocale=gnu --enable-libstdcxx-debug --enable-objc-gc --enable-mpfr --enable-checking=release --build=x86_64-linux-gnu --host=x86_64-linux-gnu --target=x86_64-linux-gnu
Thread model: posix
gcc version 4.2.3 (Ubuntu 4.2.3-2ubuntu7)
configure:2807: $? = 0
configure:2814: gcc -V >&5
gcc: '-V' option must have argument
configure:2817: $? = 1
configure:2840: checking for C compiler default output file name
configure:2867: gcc    conftest.c  >&5
configure:2870: $? = 0
configure:2908: result: a.out
configure:2925: checking whether the C compiler works
configure:2935: ./a.out
configure:2938: $? = 0
configure:2955: result: yes
configure:2962: checking whether we are cross compiling
configure:2964: result: no
configure:2967: checking for suffix of executables
configure:2974: gcc -o conftest    conftest.c  >&5
configure:2977: $? = 0
configure:3001: result: 
configure:3007: checking for suffix of object files
configure:3033: gcc -c   conftest.c >&5
configure:3036: $? = 0
configure:3059: result: o
configure:3063: checking whether we are using the GNU C compiler
configure:3092: gcc -c   conftest.c >&5
configure:3098: $? = 0
configure:3115: result: yes
configure:3120: checking whether gcc accepts -g
configure:3150: gcc -c -g  conftest.c >&5
configure:3156: $? = 0
configure:3255: result: yes
configure:3272: checking for gcc option to accept ISO C89
configure:3346: gcc  -c -g -O2  conftest.c >&5
configure:3352: $? = 0
configure:3375: result: none needed
configure:3395: checking dependency style of gcc
configure:3485: result: gcc3
configure:3515: checking for intltool >= 0.35.0
configure:3522: result: 0.37.1 found
configure:3573: checking for xgettext
configure:3591: found /usr/bin/xgettext
configure:3603: result: /usr/bin/xgettext
configure:3613: checking for msgmerge
configure:3631: found /usr/bin/msgmerge
configure:3643: result: /usr/bin/msgmerge
configure:3653: checking for msgfmt
configure:3671: found /usr/bin/msgfmt
configure:3683: result: /usr/bin/msgfmt
configure:3715: checking for perl
configure:3733: found /usr/bin/perl
configure:3745: result: /usr/bin/perl
configure:3764: checking for XML::Parser
configure:3767: result: ok
configure:3804: gcc -o conftest -g -O2   conftest.c  >&5
configure:3810: $? = 0
configure:3943: checking how to run the C preprocessor
configure:3983: gcc -E  conftest.c
configure:3989: $? = 0
configure:4020: gcc -E  conftest.c
conftest.c:17:28: error: ac_nonexistent.h: No such file or directory
configure:4026: $? = 1
configure: failed program was:
| /* confdefs.h.  */
| #define PACKAGE_NAME "MINI_COMMANDER"
| #define PACKAGE_TARNAME "mini_commander"
| #define PACKAGE_VERSION "1.0.0.Fork.0.3"
| #define PACKAGE_STRING "MINI_COMMANDER 1.0.0.Fork.0.3"
| #define PACKAGE_BUGREPORT "email@michaelwood.me.uk"
| #define DATADIR "/usr/local/share"
| #define GNOMELOCALEDIR "/usr/local/share/locale"
| #define SYSCONFDIR "/usr/local/etc"
| #define LIBDIR "/usr/local/lib"
| #define PREFIX "/usr/local"
| #define GTK_BUILDERDIR ""
| #define PACKAGE "mini_commander"
| #define VERSION "1.0.0.Fork.0.3"
| #define GETTEXT_PACKAGE "mini-commander"
| /* end confdefs.h.  */
| #include <ac_nonexistent.h>
configure:4059: result: gcc -E
configure:4088: gcc -E  conftest.c
configure:4094: $? = 0
configure:4125: gcc -E  conftest.c
conftest.c:17:28: error: ac_nonexistent.h: No such file or directory
configure:4131: $? = 1
configure: failed program was:
| /* confdefs.h.  */
| #define PACKAGE_NAME "MINI_COMMANDER"
| #define PACKAGE_TARNAME "mini_commander"
| #define PACKAGE_VERSION "1.0.0.Fork.0.3"
| #define PACKAGE_STRING "MINI_COMMANDER 1.0.0.Fork.0.3"
| #define PACKAGE_BUGREPORT "email@michaelwood.me.uk"
| #define DATADIR "/usr/local/share"
| #define GNOMELOCALEDIR "/usr/local/share/locale"
| #define SYSCONFDIR "/usr/local/etc"
| #define LIBDIR "/usr/local/lib"
| #define PREFIX "/usr/local"
| #define GTK_BUILDERDIR ""
| #define PACKAGE "mini_commander"
| #define VERSION "1.0.0.Fork.0.3"
| #define GETTEXT_PACKAGE "mini-commander"
| /* end confdefs.h.  */
| #include <ac_nonexistent.h>
configure:4169: checking for grep that handles long lines and -e
configure:4243: result: /bin/grep
configure:4248: checking for egrep
configure:4326: result: /bin/grep -E
configure:4331: checking for ANSI C header files
configure:4361: gcc -c -g -O2  conftest.c >&5
configure:4367: $? = 0
configure:4466: gcc -o conftest -g -O2   conftest.c  >&5
configure:4469: $? = 0
configure:4475: ./conftest
configure:4478: $? = 0
configure:4495: result: yes
configure:4519: checking for sys/types.h
configure:4540: gcc -c -g -O2  conftest.c >&5
configure:4546: $? = 0
configure:4562: result: yes
configure:4519: checking for sys/stat.h
configure:4540: gcc -c -g -O2  conftest.c >&5
configure:4546: $? = 0
configure:4562: result: yes
configure:4519: checking for stdlib.h
configure:4540: gcc -c -g -O2  conftest.c >&5
configure:4546: $? = 0
configure:4562: result: yes
configure:4519: checking for string.h
configure:4540: gcc -c -g -O2  conftest.c >&5
configure:4546: $? = 0
configure:4562: result: yes
configure:4519: checking for memory.h
configure:4540: gcc -c -g -O2  conftest.c >&5
configure:4546: $? = 0
configure:4562: result: yes
configure:4519: checking for strings.h
configure:4540: gcc -c -g -O2  conftest.c >&5
configure:4546: $? = 0
configure:4562: result: yes
configure:4519: checking for inttypes.h
configure:4540: gcc -c -g -O2  conftest.c >&5
configure:4546: $? = 0
configure:4562: result: yes
configure:4519: checking for stdint.h
configure:4540: gcc -c -g -O2  conftest.c >&5
configure:4546: $? = 0
configure:4562: result: yes
configure:4519: checking for unistd.h
configure:4540: gcc -c -g -O2  conftest.c >&5
configure:4546: $? = 0
configure:4562: result: yes
configure:4590: checking locale.h usability
configure:4607: gcc -c -g -O2  conftest.c >&5
configure:4613: $? = 0
configure:4627: result: yes
configure:4631: checking locale.h presence
configure:4646: gcc -E  conftest.c
configure:4652: $? = 0
configure:4666: result: yes
configure:4699: checking for locale.h
configure:4707: result: yes
configure:4721: checking for LC_MESSAGES
configure:4747: gcc -o conftest -g -O2   conftest.c  >&5
configure:4753: $? = 0
configure:4770: result: yes
configure:4799: checking libintl.h usability
configure:4816: gcc -c -g -O2  conftest.c >&5
configure:4822: $? = 0
configure:4836: result: yes
configure:4840: checking libintl.h presence
configure:4855: gcc -E  conftest.c
configure:4861: $? = 0
configure:4875: result: yes
configure:4908: checking for libintl.h
configure:4915: result: yes
configure:4926: checking for ngettext in libc
configure:4954: gcc -o conftest -g -O2   conftest.c  >&5
configure:4960: $? = 0
configure:4978: result: yes
configure:4982: checking for dgettext in libc
configure:5010: gcc -o conftest -g -O2   conftest.c  >&5
configure:5016: $? = 0
configure:5034: result: yes
configure:5043: checking for bind_textdomain_codeset
configure:5099: gcc -o conftest -g -O2   conftest.c  >&5
configure:5105: $? = 0
configure:5123: result: yes
configure:5610: checking for msgfmt
configure:5637: result: /usr/bin/msgfmt
configure:5650: checking for dcgettext
configure:5706: gcc -o conftest -g -O2   conftest.c   >&5
conftest.c:54: warning: conflicting types for built-in function 'dcgettext'
configure:5712: $? = 0
configure:5730: result: yes
configure:5741: checking if msgfmt accepts -c
configure:5756: $MSGFMT -c -o /dev/null conftest.foo
configure:5759: $? = 0
configure:5761: result: yes
configure:5771: checking for gmsgfmt
configure:5802: result: /usr/bin/msgfmt
configure:5812: checking for xgettext
configure:5839: result: /usr/bin/xgettext
configure:5868: gcc -o conftest -g -O2   conftest.c   >&5
configure:5874: $? = 0
configure:6150: checking for gcc
configure:6177: result: gcc
configure:6415: checking for C compiler version
configure:6422: gcc --version >&5
gcc (GCC) 4.2.3 (Ubuntu 4.2.3-2ubuntu7)
Copyright (C) 2007 Free Software Foundation, Inc.
This is free software; see the source for copying conditions.  There is NO
warranty; not even for MERCHANTABILITY or FITNESS FOR A PARTICULAR PURPOSE.

configure:6425: $? = 0
configure:6432: gcc -v >&5
Using built-in specs.
Target: x86_64-linux-gnu
Configured with: ../src/configure -v --enable-languages=c,c++,fortran,objc,obj-c++,treelang --prefix=/usr --enable-shared --with-system-zlib --libexecdir=/usr/lib --without-included-gettext --enable-threads=posix --enable-nls --with-gxx-include-dir=/usr/include/c++/4.2 --program-suffix=-4.2 --enable-clocale=gnu --enable-libstdcxx-debug --enable-objc-gc --enable-mpfr --enable-checking=release --build=x86_64-linux-gnu --host=x86_64-linux-gnu --target=x86_64-linux-gnu
Thread model: posix
gcc version 4.2.3 (Ubuntu 4.2.3-2ubuntu7)
configure:6435: $? = 0
configure:6442: gcc -V >&5
gcc: '-V' option must have argument
configure:6445: $? = 1
configure:6448: checking whether we are using the GNU C compiler
configure:6500: result: yes
configure:6505: checking whether gcc accepts -g
configure:6640: result: yes
configure:6657: checking for gcc option to accept ISO C89
configure:6760: result: none needed
configure:6780: checking dependency style of gcc
configure:6870: result: gcc3
configure:6890: checking for gconftool-2
configure:6908: found /usr/bin/gconftool-2
configure:6921: result: /usr/bin/gconftool-2
configure:6946: checking for dirent.h that defines DIR
configure:6975: gcc -c -g -O2  conftest.c >&5
configure:6981: $? = 0
configure:6997: result: yes
configure:7010: checking for library containing opendir
configure:7051: gcc -o conftest -g -O2   conftest.c  >&5
configure:7057: $? = 0
configure:7085: result: none required
configure:7179: checking for ANSI C header files
configure:7343: result: yes
configure:7359: checking for stdlib.h
configure:7365: result: yes
configure:7359: checking for string.h
configure:7365: result: yes
configure:7501: checking for an ANSI C-conforming const
configure:7576: gcc -c -g -O2  conftest.c >&5
configure:7582: $? = 0
configure:7597: result: yes
configure:7609: checking whether closedir returns void
configure:7643: gcc -o conftest -g -O2   conftest.c  >&5
configure:7646: $? = 0
configure:7652: ./conftest
configure:7655: $? = 0
configure:7671: result: no
configure:7686: checking for stdlib.h
configure:7692: result: yes
configure:7826: checking for GNU libc compatible malloc
configure:7860: gcc -o conftest -g -O2   conftest.c  >&5
configure:7863: $? = 0
configure:7869: ./conftest
configure:7872: $? = 0
configure:7888: result: yes
configure:7916: checking whether lstat dereferences a symlink specified with a trailing slash
configure:7952: gcc -o conftest -g -O2   conftest.c  >&5
configure:7955: $? = 0
configure:7961: ./conftest
configure:7964: $? = 0
configure:7987: result: yes
configure:8006: checking whether stat accepts an empty string
configure:8036: gcc -o conftest -g -O2   conftest.c  >&5
configure:8039: $? = 0
configure:8045: ./conftest
configure:8048: $? = 0
configure:8064: result: no
configure:8085: checking for regcomp
configure:8141: gcc -o conftest -g -O2   conftest.c  >&5
configure:8147: $? = 0
configure:8165: result: yes
configure:8085: checking for strstr
configure:8141: gcc -o conftest -g -O2   conftest.c  >&5
conftest.c:64: warning: conflicting types for built-in function 'strstr'
configure:8147: $? = 0
configure:8165: result: yes
configure:8227: checking for pkg-config
configure:8245: found /usr/bin/pkg-config
configure:8257: result: /usr/bin/pkg-config
configure:8286: checking pkg-config is at least version 0.9.0
configure:8289: result: yes
configure:8333: checking whether to build gtk-doc documentation
configure:8335: result: no
configure:8342: checking for gtkdoc-check
configure:8360: found /usr/bin/gtkdoc-check
configure:8372: result: /usr/bin/gtkdoc-check
configure:8407: checking for MINI_COMMANDER
configure:8415: $PKG_CONFIG --exists --print-errors "gtk+-2.0 >= 2.6.0 gconf-2.0 libpanelapplet-2.0 >= 2.13.4"
configure:8418: $? = 0
configure:8433: $PKG_CONFIG --exists --print-errors "gtk+-2.0 >= 2.6.0 gconf-2.0 libpanelapplet-2.0 >= 2.13.4"
configure:8436: $? = 0
configure:8512: result: yes
configure:8665: creating ./config.status

## ---------------------- ##
## Running config.status. ##
## ---------------------- ##

This file was extended by MINI_COMMANDER config.status 1.0.0.Fork.0.3, which was
generated by GNU Autoconf 2.61.  Invocation command line was

  CONFIG_FILES    = 
  CONFIG_HEADERS  = 
  CONFIG_LINKS    = 
  CONFIG_COMMANDS = 
  $ ./config.status 

on fornax

config.status:709: creating Makefile
config.status:709: creating data/Makefile
config.status:709: creating help/Makefile
config.status:709: creating po/Makefile.in
config.status:709: creating src/Makefile
config.status:709: creating config.h
config.status:997: executing depfiles commands
config.status:997: executing intltool commands
config.status:997: executing default-1 commands
config.status:997: executing po/stamp-it commands

## ---------------- ##
## Cache variables. ##
## ---------------- ##

ac_cv_c_compiler_gnu=yes
ac_cv_c_const=yes
ac_cv_env_CC_set=
ac_cv_env_CC_value=
ac_cv_env_CFLAGS_set=
ac_cv_env_CFLAGS_value=
ac_cv_env_CPPFLAGS_set=
ac_cv_env_CPPFLAGS_value=
ac_cv_env_CPP_set=
ac_cv_env_CPP_value=
ac_cv_env_LDFLAGS_set=
ac_cv_env_LDFLAGS_value=
ac_cv_env_LIBS_set=
ac_cv_env_LIBS_value=
ac_cv_env_MINI_COMMANDER_CFLAGS_set=
ac_cv_env_MINI_COMMANDER_CFLAGS_value=
ac_cv_env_MINI_COMMANDER_LIBS_set=
ac_cv_env_MINI_COMMANDER_LIBS_value=
ac_cv_env_PKG_CONFIG_set=
ac_cv_env_PKG_CONFIG_value=
ac_cv_env_build_alias_set=
ac_cv_env_build_alias_value=
ac_cv_env_host_alias_set=
ac_cv_env_host_alias_value=
ac_cv_env_target_alias_set=
ac_cv_env_target_alias_value=
ac_cv_func_bind_textdomain_codeset=yes
ac_cv_func_closedir_void=no
ac_cv_func_dcgettext=yes
ac_cv_func_lstat_dereferences_slashed_symlink=yes
ac_cv_func_malloc_0_nonnull=yes
ac_cv_func_regcomp=yes
ac_cv_func_stat_empty_string_bug=no
ac_cv_func_strstr=yes
ac_cv_header_dirent_dirent_h=yes
ac_cv_header_inttypes_h=yes
ac_cv_header_libintl_h=yes
ac_cv_header_locale_h=yes
ac_cv_header_memory_h=yes
ac_cv_header_stdc=yes
ac_cv_header_stdint_h=yes
ac_cv_header_stdlib_h=yes
ac_cv_header_string_h=yes
ac_cv_header_strings_h=yes
ac_cv_header_sys_stat_h=yes
ac_cv_header_sys_types_h=yes
ac_cv_header_unistd_h=yes
ac_cv_objext=o
ac_cv_path_EGREP='/bin/grep -E'
ac_cv_path_GCONFTOOL=/usr/bin/gconftool-2
ac_cv_path_GMSGFMT=/usr/bin/msgfmt
ac_cv_path_GREP=/bin/grep
ac_cv_path_GTKDOC_CHECK=/usr/bin/gtkdoc-check
ac_cv_path_INTLTOOL_PERL=/usr/bin/perl
ac_cv_path_MSGFMT=/usr/bin/msgfmt
ac_cv_path_MSGMERGE=/usr/bin/msgmerge
ac_cv_path_XGETTEXT=/usr/bin/xgettext
ac_cv_path_ac_pt_PKG_CONFIG=/usr/bin/pkg-config
ac_cv_path_install='/usr/bin/install -c'
ac_cv_prog_AWK=gawk
ac_cv_prog_CPP='gcc -E'
ac_cv_prog_ac_ct_CC=gcc
ac_cv_prog_cc_c89=
ac_cv_prog_cc_g=yes
ac_cv_prog_make_make_set=yes
ac_cv_search_opendir='none required'
am_cv_CC_dependencies_compiler_type=gcc3
am_cv_val_LC_MESSAGES=yes
gt_cv_func_dgettext_libc=yes
gt_cv_func_dgettext_libintl=no
gt_cv_func_ngettext_libc=yes
gt_cv_have_gettext=yes
pkg_cv_MINI_COMMANDER_CFLAGS='-DPNG_NO_MMX_CODE -DORBIT2=1 -pthread -I/usr/include/gtk-2.0 -I/usr/lib/gtk-2.0/include -I/usr/include/atk-1.0 -I/usr/include/cairo -I/usr/include/pango-1.0 -I/usr/include/glib-2.0 -I/usr/lib/glib-2.0/include -I/usr/include/freetype2 -I/usr/include/libpng12 -I/usr/include/pixman-1 -I/usr/include/gconf/2 -I/usr/include/orbit-2.0 -I/usr/include/panel-2.0 -I/usr/include/libgnomeui-2.0 -I/usr/include/libbonoboui-2.0 -I/usr/include/libart-2.0 -I/usr/include/gnome-keyring-1 -I/usr/include/libgnome-2.0 -I/usr/include/libgnomecanvas-2.0 -I/usr/include/gnome-vfs-2.0 -I/usr/lib/gnome-vfs-2.0/include -I/usr/include/libbonobo-2.0 -I/usr/include/bonobo-activation-2.0 -I/usr/include/libxml2 -I/usr/include/gail-1.0  '
pkg_cv_MINI_COMMANDER_LIBS='-pthread -lpanel-applet-2 -lgnomeui-2 -lSM -lICE -lbonoboui-2 -lgnomevfs-2 -lgconf-2 -lgnomecanvas-2 -lgnome-2 -lpopt -lart_lgpl_2 -lgtk-x11-2.0 -lgdk-x11-2.0 -latk-1.0 -lgdk_pixbuf-2.0 -lm -lpangocairo-1.0 -lpango-1.0 -lcairo -lbonobo-2 -lbonobo-activation -lgmodule-2.0 -ldl -lORBit-2 -lgthread-2.0 -lrt -lgobject-2.0 -lglib-2.0  '

## ----------------- ##
## Output variables. ##
## ----------------- ##

ACLOCAL='${SHELL} /home/michael/dev/mini-commander/mini-commander/missing --run aclocal-1.9'
ALL_LINGUAS=''
AMDEPBACKSLASH='\'
AMDEP_FALSE='#'
AMDEP_TRUE=''
AMTAR='${SHELL} /home/michael/dev/mini-commander/mini-commander/missing --run tar'
AUTOCONF='${SHELL} /home/michael/dev/mini-commander/mini-commander/missing --run autoconf'
AUTOHEADER='${SHELL} /home/michael/dev/mini-commander/mini-commander/missing --run autoheader'
AUTOMAKE='${SHELL} /home/michael/dev/mini-commander/mini-commander/missing --run automake-1.9'
AWK='gawk'
CATALOGS=''
CATOBJEXT='.gmo'
CC='gcc'
CCDEPMODE='depmode=gcc3'
CFLAGS='-g -O2'
CPP='gcc -E'
CPPFLAGS=''
CYGPATH_W='echo'
DATADIR='/usr/local/share'
DATADIRNAME='share'
DEFS='-DHAVE_CONFIG_H'
DEPDIR='.deps'
ECHO_C=''
ECHO_N='-n'
ECHO_T=''
EGREP='/bin/grep -E'
ENABLE_GTK_DOC_FALSE=''
ENABLE_GTK_DOC_TRUE='#'
EXEEXT=''
GCONFTOOL='/usr/bin/gconftool-2'
GCONF_SCHEMAS_INSTALL_FALSE='#'
GCONF_SCHEMAS_INSTALL_TRUE=''
GCONF_SCHEMA_CONFIG_SOURCE='xml:merged:/etc/gconf/gconf.xml.defaults'
GCONF_SCHEMA_FILE_DIR='$(sysconfdir)/gconf/schemas'
GETTEXT_PACKAGE='mini-commander'
GMOFILES=''
GMSGFMT='/usr/bin/msgfmt'
GNOMELOCALEDIR='/usr/local/share/locale'
GREP='/bin/grep'
GTKDOC_CHECK='/usr/bin/gtkdoc-check'
GTK_BUILDERDIR=''
GTK_DOC_USE_LIBTOOL_FALSE=''
GTK_DOC_USE_LIBTOOL_TRUE='#'
HTML_DIR='${datadir}/gtk-doc/html'
INSTALL_DATA='${INSTALL} -m 644'
INSTALL_PROGRAM='${INSTALL}'
INSTALL_SCRIPT='${INSTALL}'
INSTALL_STRIP_PROGRAM='${SHELL} $(install_sh) -c -s'
INSTOBJEXT='.mo'
INTLLIBS=''
INTLTOOL_CAVES_RULE='%.caves:     %.caves.in     $(INTLTOOL_MERGE) $(wildcard $(top_srcdir)/po/*.po) ; LC_ALL=C $(INTLTOOL_MERGE) -d -u -c $(top_builddir)/po/.intltool-merge-cache $(top_srcdir)/po $< $@'
INTLTOOL_DESKTOP_RULE='%.desktop:   %.desktop.in   $(INTLTOOL_MERGE) $(wildcard $(top_srcdir)/po/*.po) ; LC_ALL=C $(INTLTOOL_MERGE) -d -u -c $(top_builddir)/po/.intltool-merge-cache $(top_srcdir)/po $< $@'
INTLTOOL_DIRECTORY_RULE='%.directory: %.directory.in $(INTLTOOL_MERGE) $(wildcard $(top_srcdir)/po/*.po) ; LC_ALL=C $(INTLTOOL_MERGE) -d -u -c $(top_builddir)/po/.intltool-merge-cache $(top_srcdir)/po $< $@'
INTLTOOL_EXTRACT='$(top_builddir)/intltool-extract'
INTLTOOL_KBD_RULE='%.kbd:       %.kbd.in       $(INTLTOOL_MERGE) $(wildcard $(top_srcdir)/po/*.po) ; LC_ALL=C $(INTLTOOL_MERGE) -x -u -m -c $(top_builddir)/po/.intltool-merge-cache $(top_srcdir)/po $< $@'
INTLTOOL_KEYS_RULE='%.keys:      %.keys.in      $(INTLTOOL_MERGE) $(wildcard $(top_srcdir)/po/*.po) ; LC_ALL=C $(INTLTOOL_MERGE) -k -u -c $(top_builddir)/po/.intltool-merge-cache $(top_srcdir)/po $< $@'
INTLTOOL_MERGE='$(top_builddir)/intltool-merge'
INTLTOOL_OAF_RULE='%.oaf:       %.oaf.in       $(INTLTOOL_MERGE) $(wildcard $(top_srcdir)/po/*.po) ; LC_ALL=C $(INTLTOOL_MERGE) -o -p $(top_srcdir)/po $< $@'
INTLTOOL_PERL='/usr/bin/perl'
INTLTOOL_POLICY_RULE='%.policy:    %.policy.in    $(INTLTOOL_MERGE) $(wildcard $(top_srcdir)/po/*.po) ; LC_ALL=C $(INTLTOOL_MERGE) -x -u -c $(top_builddir)/po/.intltool-merge-cache $(top_srcdir)/po $< $@'
INTLTOOL_PONG_RULE='%.pong:      %.pong.in      $(INTLTOOL_MERGE) $(wildcard $(top_srcdir)/po/*.po) ; LC_ALL=C $(INTLTOOL_MERGE) -x -u -c $(top_builddir)/po/.intltool-merge-cache $(top_srcdir)/po $< $@'
INTLTOOL_PROP_RULE='%.prop:      %.prop.in      $(INTLTOOL_MERGE) $(wildcard $(top_srcdir)/po/*.po) ; LC_ALL=C $(INTLTOOL_MERGE) -d -u -c $(top_builddir)/po/.intltool-merge-cache $(top_srcdir)/po $< $@'
INTLTOOL_SCHEMAS_RULE='%.schemas:   %.schemas.in   $(INTLTOOL_MERGE) $(wildcard $(top_srcdir)/po/*.po) ; LC_ALL=C $(INTLTOOL_MERGE) -s -u -c $(top_builddir)/po/.intltool-merge-cache $(top_srcdir)/po $< $@'
INTLTOOL_SERVER_RULE='%.server:    %.server.in    $(INTLTOOL_MERGE) $(wildcard $(top_srcdir)/po/*.po) ; LC_ALL=C $(INTLTOOL_MERGE) -o -u -c $(top_builddir)/po/.intltool-merge-cache $(top_srcdir)/po $< $@'
INTLTOOL_SERVICE_RULE='%.service: %.service.in   $(INTLTOOL_MERGE) $(wildcard $(top_srcdir)/po/*.po) ; LC_ALL=C $(INTLTOOL_MERGE) -d -u -c $(top_builddir)/po/.intltool-merge-cache $(top_srcdir)/po $< $@'
INTLTOOL_SHEET_RULE='%.sheet:     %.sheet.in     $(INTLTOOL_MERGE) $(wildcard $(top_srcdir)/po/*.po) ; LC_ALL=C $(INTLTOOL_MERGE) -x -u -c $(top_builddir)/po/.intltool-merge-cache $(top_srcdir)/po $< $@'
INTLTOOL_SOUNDLIST_RULE='%.soundlist: %.soundlist.in $(INTLTOOL_MERGE) $(wildcard $(top_srcdir)/po/*.po) ; LC_ALL=C $(INTLTOOL_MERGE) -d -u -c $(top_builddir)/po/.intltool-merge-cache $(top_srcdir)/po $< $@'
INTLTOOL_THEME_RULE='%.theme:     %.theme.in     $(INTLTOOL_MERGE) $(wildcard $(top_srcdir)/po/*.po) ; LC_ALL=C $(INTLTOOL_MERGE) -d -u -c $(top_builddir)/po/.intltool-merge-cache $(top_srcdir)/po $< $@'
INTLTOOL_UI_RULE='%.ui:        %.ui.in        $(INTLTOOL_MERGE) $(wildcard $(top_srcdir)/po/*.po) ; LC_ALL=C $(INTLTOOL_MERGE) -x -u -c $(top_builddir)/po/.intltool-merge-cache $(top_srcdir)/po $< $@'
INTLTOOL_UPDATE='$(top_builddir)/intltool-update'
INTLTOOL_XAM_RULE='%.xam:       %.xml.in       $(INTLTOOL_MERGE) $(wildcard $(top_srcdir)/po/*.po) ; LC_ALL=C $(INTLTOOL_MERGE) -x -u -c $(top_builddir)/po/.intltool-merge-cache $(top_srcdir)/po $< $@'
INTLTOOL_XML_NOMERGE_RULE='%.xml:       %.xml.in       $(INTLTOOL_MERGE) ; LC_ALL=C $(INTLTOOL_MERGE) -x -u /tmp $< $@'
INTLTOOL_XML_RULE='%.xml:       %.xml.in       $(INTLTOOL_MERGE) $(wildcard $(top_srcdir)/po/*.po) ; LC_ALL=C $(INTLTOOL_MERGE) -x -u -c $(top_builddir)/po/.intltool-merge-cache $(top_srcdir)/po $< $@'
LDFLAGS=''
LIBDIR='/usr/local/lib'
LIBOBJS=''
LIBS=''
LTLIBOBJS=''
MAKEINFO='${SHELL} /home/michael/dev/mini-commander/mini-commander/missing --run makeinfo'
MINI_COMMANDER_CFLAGS='-DPNG_NO_MMX_CODE -DORBIT2=1 -pthread -I/usr/include/gtk-2.0 -I/usr/lib/gtk-2.0/include -I/usr/include/atk-1.0 -I/usr/include/cairo -I/usr/include/pango-1.0 -I/usr/include/glib-2.0 -I/usr/lib/glib-2.0/include -I/usr/include/freetype2 -I/usr/include/libpng12 -I/usr/include/pixman-1 -I/usr/include/gconf/2 -I/usr/include/orbit-2.0 -I/usr/include/panel-2.0 -I/usr/include/libgnomeui-2.0 -I/usr/include/libbonoboui-2.0 -I/usr/include/libart-2.0 -I/usr/include/gnome-keyring-1 -I/usr/include/libgnome-2.0 -I/usr/include/libgnomecanvas-2.0 -I/usr/include/gnome-vfs-2.0 -I/usr/lib/gnome-vfs-2.0/include -I/usr/include/libbonobo-2.0 -I/usr/include/bonobo-activation-2.0 -I/usr/include/libxml2 -I/usr/include/gail-1.0  '
MINI_COMMANDER_LIBS='-pthread -lpanel-applet-2 -lgnomeui-2 -lSM -lICE -lbonoboui-2 -lgnomevfs-2 -lgconf-2 -lgnomecanvas-2 -lgnome-2 -lpopt -lart_lgpl_2 -lgtk-x11-2.0 -lgdk-x11-2.0 -latk-1.0 -lgdk_pixbuf-2.0 -lm -lpangocairo-1.0 -lpango-1.0 -lcairo -lbonobo-2 -lbonobo-activation -lgmodule-2.0 -ldl -lORBit-2 -lgthread-2.0 -lrt -lgobject-2.0 -lglib-2.0  '
MKINSTALLDIRS='./mkinstalldirs'
MSGFMT='/usr/bin/msgfmt'
MSGFMT_OPTS='-c'
MSGMERGE='/usr/bin/msgmerge'
OBJEXT='o'
PACKAGE='mini_commander'
PACKAGE_BUGREPORT='email@michaelwood.me.uk'
PACKAGE_NAME='MINI_COMMANDER'
PACKAGE_STRING='MINI_COMMANDER 1.0.0.Fork.0.3'
PACKAGE_TARNAME='mini_commander'
PACKAGE_VERSION='1.0.0.Fork.0.3'
PATH_SEPARATOR=':'
PKG_CONFIG='/usr/bin/pkg-config'
POFILES=''
POSUB='po'
PO_IN_DATADIR_FALSE=''
PO_IN_DATADIR_TRUE=''
PREFIX='/usr/local'
SET_MAKE=''
SHELL='/bin/bash'
STRIP=''
SYSCONFDIR='/usr/local/etc'
USE_NLS='yes'
VERSION='1.0.0.Fork.0.3'
XGETTEXT='/usr/bin/xgettext'
ac_ct_CC='gcc'
am__fastdepCC_FALSE='#'
am__fastdepCC_TRUE=''
am__include='include'
am__leading_dot='.'
am__quote=''
am__tar='${AMTAR} chof - "$$tardir"'
am__untar='${AMTAR} xf -'
bindir='${exec_prefix}/bin'
build_alias=''
datadir='${datarootdir}'
datarootdir='${prefix}/share'
docdir='${datarootdir}/doc/${PACKAGE_TARNAME}'
dvidir='${docdir}'
exec_prefix='${prefix}'
host_alias=''
htmldir='${docdir}'
includedir='${prefix}/include'
infodir='${datarootdir}/info'
install_sh='/home/michael/dev/mini-commander/mini-commander/install-sh'
libdir='${exec_prefix}/lib'
libexecdir='${exec_prefix}/libexec'
localedir='${datarootdir}/locale'
localstatedir='${prefix}/var'
mandir='${datarootdir}/man'
mkdir_p='mkdir -p --'
oldincludedir='/usr/include'
pdfdir='${docdir}'
prefix='/usr/local'
program_transform_name='s,x,x,'
psdir='${docdir}'
sbindir='${exec_prefix}/sbin'
sharedstatedir='${prefix}/com'
sysconfdir='${prefix}/etc'
target_alias=''

## ----------- ##
## confdefs.h. ##
## ----------- ##

#define PACKAGE_NAME "MINI_COMMANDER"
#define PACKAGE_TARNAME "mini_commander"
#define PACKAGE_VERSION "1.0.0.Fork.0.3"
#define PACKAGE_STRING "MINI_COMMANDER 1.0.0.Fork.0.3"
#define PACKAGE_BUGREPORT "email@michaelwood.me.uk"
#define DATADIR "/usr/local/share"
#define GNOMELOCALEDIR "/usr/local/share/locale"
#define SYSCONFDIR "/usr/local/etc"
#define LIBDIR "/usr/local/lib"
#define PREFIX "/usr/local"
#define GTK_BUILDERDIR ""
#define PACKAGE "mini_commander"
#define VERSION "1.0.0.Fork.0.3"
#define GETTEXT_PACKAGE "mini-commander"
#define STDC_HEADERS 1
#define HAVE_SYS_TYPES_H 1
#define HAVE_SYS_STAT_H 1
#define HAVE_STDLIB_H 1
#define HAVE_STRING_H 1
#define HAVE_MEMORY_H 1
#define HAVE_STRINGS_H 1
#define HAVE_INTTYPES_H 1
#define HAVE_STDINT_H 1
#define HAVE_UNISTD_H 1
#define HAVE_LOCALE_H 1
#define HAVE_LC_MESSAGES 1
#define HAVE_BIND_TEXTDOMAIN_CODESET 1
#define HAVE_GETTEXT 1
#define HAVE_DCGETTEXT 1
#define ENABLE_NLS 1
#define HAVE_DIRENT_H 1
#define STDC_HEADERS 1
#define HAVE_STDLIB_H 1
#define HAVE_STRING_H 1
#define HAVE_STDLIB_H 1
#define HAVE_MALLOC 1
#define LSTAT_FOLLOWS_SLASHED_SYMLINK 1
#define HAVE_REGCOMP 1
#define HAVE_STRSTR 1

configure: exit 0

## ---------------------- ##
## Running config.status. ##
## ---------------------- ##

This file was extended by MINI_COMMANDER config.status 1.0.0.Fork.0.3, which was
generated by GNU Autoconf 2.61.  Invocation command line was

  CONFIG_FILES    = 
  CONFIG_HEADERS  = 
  CONFIG_LINKS    = 
  CONFIG_COMMANDS = 
  $ ./config.status data/Makefile

on fornax

config.status:709: creating data/Makefile

## ---------------------- ##
## Running config.status. ##
## ---------------------- ##

This file was extended by MINI_COMMANDER config.status 1.0.0.Fork.0.3, which was
generated by GNU Autoconf 2.61.  Invocation command line was

  CONFIG_FILES    = 
  CONFIG_HEADERS  = 
  CONFIG_LINKS    = 
  CONFIG_COMMANDS = 
  $ ./config.status data/Makefile

on fornax

config.status:709: creating data/Makefile

## ---------------------- ##
## Running config.status. ##
## ---------------------- ##

This file was extended by MINI_COMMANDER config.status 1.0.0.Fork.0.3, which was
generated by GNU Autoconf 2.61.  Invocation command line was

  CONFIG_FILES    = 
  CONFIG_HEADERS  = 
  CONFIG_LINKS    = 
  CONFIG_COMMANDS = 
  $ ./config.status data/Makefile

on fornax

config.status:709: creating data/Makefile

## ---------------------- ##
## Running config.status. ##
## ---------------------- ##

This file was extended by MINI_COMMANDER config.status 1.0.0.Fork.0.3, which was
generated by GNU Autoconf 2.61.  Invocation command line was

  CONFIG_FILES    = 
  CONFIG_HEADERS  = 
  CONFIG_LINKS    = 
  CONFIG_COMMANDS = 
  $ ./config.status data/Makefile

on fornax

config.status:709: creating data/Makefile

## ---------------------- ##
## Running config.status. ##
## ---------------------- ##

This file was extended by MINI_COMMANDER config.status 1.0.0.Fork.0.3, which was
generated by GNU Autoconf 2.61.  Invocation command line was

  CONFIG_FILES    = po/Makefile.in
  CONFIG_HEADERS  = 
  CONFIG_LINKS    = 
  CONFIG_COMMANDS = 
  $ ./config.status 

on fornax

config.status:709: creating po/Makefile.in
config.status:997: executing depfiles commands
config.status:997: executing intltool commands
config.status:997: executing default-1 commands
config.status:997: executing po/stamp-it commands
